may. 28, 2024 10:50:35 A. M. co.edu.uniquindio.edu.co.centroeventosuq.utils.ArchivoUtil guardarRegistroLog
INFO: REGISTRO,el usuario admin123ha ingresado en la aplicacion,2024-05-28 10:50
may. 28, 2024 11:15:52 A. M. co.edu.uniquindio.edu.co.centroeventosuq.utils.ArchivoUtil guardarRegistroLog
INFO: REGISTRO,el usuario admin123ha ingresado en la aplicacion,2024-05-28 11:15
may. 28, 2024 11:18:24 A. M. co.edu.uniquindio.edu.co.centroeventosuq.utils.ArchivoUtil guardarRegistroLog
INFO: REGISTRO,el usuario admin123ha ingresado en la aplicacion,2024-05-28 11:18
may. 28, 2024 11:18:29 A. M. co.edu.uniquindio.edu.co.centroeventosuq.utils.ArchivoUtil guardarRegistroLog
WARNING: elimino el evento 0655,el administrador admin123,2024-05-28 11:18
may. 28, 2024 11:24:43 A. M. co.edu.uniquindio.edu.co.centroeventosuq.utils.ArchivoUtil guardarRegistroLog
INFO: REGISTRO,el usuario usuario123ha ingresado en la aplicacion,2024-05-28 11:24
may. 28, 2024 11:24:47 A. M. co.edu.uniquindio.edu.co.centroeventosuq.utils.ArchivoUtil guardarRegistroLog
INFO: SITUACION COLA,el usuario usuario123esta comprando,2024-05-28 11:24
may. 28, 2024 11:45:01 A. M. co.edu.uniquindio.edu.co.centroeventosuq.utils.ArchivoUtil guardarRegistroLog
INFO: REGISTRO,el usuario usuario123ha ingresado en la aplicacion,2024-05-28 11:45
may. 28, 2024 11:45:03 A. M. co.edu.uniquindio.edu.co.centroeventosuq.utils.ArchivoUtil guardarRegistroLog
INFO: SITUACION COLA,el usuario usuario123esta comprando,2024-05-28 11:45
may. 28, 2024 11:45:07 A. M. co.edu.uniquindio.edu.co.centroeventosuq.utils.ArchivoUtil guardarRegistroLog
INFO: SITUACION COLA,el usuario usuario123esta comprando,2024-05-28 11:45
may. 28, 2024 11:45:11 A. M. co.edu.uniquindio.edu.co.centroeventosuq.utils.ArchivoUtil guardarRegistroLog
INFO: SITUACION COLA,el usuario usuario123esta comprando,2024-05-28 11:45
may. 28, 2024 11:45:17 A. M. co.edu.uniquindio.edu.co.centroeventosuq.utils.ArchivoUtil guardarRegistroLog
INFO: SITUACION COLA,el usuario usuario123esta comprando,2024-05-28 11:45
may. 28, 2024 12:09:49 P. M. co.edu.uniquindio.edu.co.centroeventosuq.utils.ArchivoUtil guardarRegistroLog
INFO: REGISTRO,el usuario usuario123ha ingresado en la aplicacion,2024-05-28 12:9
may. 28, 2024 12:09:53 P. M. co.edu.uniquindio.edu.co.centroeventosuq.utils.ArchivoUtil guardarRegistroLog
INFO: SITUACION COLA,el usuario usuario123esta comprando,2024-05-28 12:9
may. 28, 2024 12:10:34 P. M. co.edu.uniquindio.edu.co.centroeventosuq.utils.ArchivoUtil guardarRegistroLog
INFO: REGISTRO,el usuario usuario123ha ingresado en la aplicacion,2024-05-28 12:10
may. 28, 2024 12:10:38 P. M. co.edu.uniquindio.edu.co.centroeventosuq.utils.ArchivoUtil guardarRegistroLog
INFO: SITUACION COLA,el usuario usuario123esta comprando,2024-05-28 12:10
may. 28, 2024 12:11:10 P. M. co.edu.uniquindio.edu.co.centroeventosuq.utils.ArchivoUtil guardarRegistroLog
INFO: REGISTRO,el usuario usuario123ha ingresado en la aplicacion,2024-05-28 12:11
may. 28, 2024 12:11:15 P. M. co.edu.uniquindio.edu.co.centroeventosuq.utils.ArchivoUtil guardarRegistroLog
INFO: SITUACION COLA,el usuario usuario123esta comprando,2024-05-28 12:11
may. 28, 2024 12:11:37 P. M. co.edu.uniquindio.edu.co.centroeventosuq.utils.ArchivoUtil guardarRegistroLog
INFO: REGISTRO,el usuario usuario123ha ingresado en la aplicacion,2024-05-28 12:11
may. 28, 2024 12:11:41 P. M. co.edu.uniquindio.edu.co.centroeventosuq.utils.ArchivoUtil guardarRegistroLog
INFO: SITUACION COLA,el usuario usuario123esta comprando,2024-05-28 12:11
may. 28, 2024 4:51:44 P. M. co.edu.uniquindio.edu.co.centroeventosuq.utils.ArchivoUtil guardarRegistroLog
INFO: REGISTRO,el usuario usuario123ha ingresado en la aplicacion,2024-05-28 16:51
may. 28, 2024 4:51:48 P. M. co.edu.uniquindio.edu.co.centroeventosuq.utils.ArchivoUtil guardarRegistroLog
INFO: SITUACION COLA,el usuario usuario123esta comprando,2024-05-28 16:51
may. 28, 2024 4:51:54 P. M. co.edu.uniquindio.edu.co.centroeventosuq.utils.ArchivoUtil guardarRegistroLog
INFO: SITUACION COLA,el usuario usuario123esta comprando,2024-05-28 16:51
may. 28, 2024 4:51:58 P. M. co.edu.uniquindio.edu.co.centroeventosuq.utils.ArchivoUtil guardarRegistroLog
INFO: SITUACION COLA,el usuario usuario123esta comprando,2024-05-28 16:51
may. 28, 2024 4:52:23 P. M. co.edu.uniquindio.edu.co.centroeventosuq.utils.ArchivoUtil guardarRegistroLog
INFO: SITUACION COLA,el usuario usuario123esta comprando,2024-05-28 16:52
may. 28, 2024 4:52:34 P. M. co.edu.uniquindio.edu.co.centroeventosuq.utils.ArchivoUtil guardarRegistroLog
INFO: REGISTRO,el usuario usuario123ha ingresado en la aplicacion,2024-05-28 16:52
may. 28, 2024 4:52:53 P. M. co.edu.uniquindio.edu.co.centroeventosuq.utils.ArchivoUtil guardarRegistroLog
INFO: SITUACION COLA,el usuario usuario123esta comprando,2024-05-28 16:52
may. 28, 2024 4:53:09 P. M. co.edu.uniquindio.edu.co.centroeventosuq.utils.ArchivoUtil guardarRegistroLog
INFO: REGISTRO,el usuario usuario123ha ingresado en la aplicacion,2024-05-28 16:53
may. 28, 2024 4:53:13 P. M. co.edu.uniquindio.edu.co.centroeventosuq.utils.ArchivoUtil guardarRegistroLog
INFO: SITUACION COLA,el usuario usuario123esta comprando,2024-05-28 16:53
may. 28, 2024 4:53:14 P. M. co.edu.uniquindio.edu.co.centroeventosuq.utils.ArchivoUtil guardarRegistroLog
INFO: SITUACION COLA,el usuario usuario123esta comprando,2024-05-28 16:53
may. 28, 2024 4:53:15 P. M. co.edu.uniquindio.edu.co.centroeventosuq.utils.ArchivoUtil guardarRegistroLog
INFO: SITUACION COLA,el usuario usuario123esta comprando,2024-05-28 16:53
may. 28, 2024 5:18:48 P. M. co.edu.uniquindio.edu.co.centroeventosuq.utils.ArchivoUtil guardarRegistroLog
INFO: REGISTRO,el usuario usuario123ha ingresado en la aplicacion,2024-05-28 17:18
may. 28, 2024 5:18:50 P. M. co.edu.uniquindio.edu.co.centroeventosuq.utils.ArchivoUtil guardarRegistroLog
INFO: SITUACION COLA,el usuario usuario123esta comprando,2024-05-28 17:18
may. 28, 2024 5:19:28 P. M. co.edu.uniquindio.edu.co.centroeventosuq.utils.ArchivoUtil guardarRegistroLog
INFO: REGISTRO,el usuario usuario123ha ingresado en la aplicacion,2024-05-28 17:19
may. 28, 2024 5:19:30 P. M. co.edu.uniquindio.edu.co.centroeventosuq.utils.ArchivoUtil guardarRegistroLog
INFO: SITUACION COLA,el usuario usuario123esta comprando,2024-05-28 17:19
may. 28, 2024 5:20:22 P. M. co.edu.uniquindio.edu.co.centroeventosuq.utils.ArchivoUtil guardarRegistroLog
INFO: REGISTRO,el usuario usuario123ha ingresado en la aplicacion,2024-05-28 17:20
may. 28, 2024 5:20:24 P. M. co.edu.uniquindio.edu.co.centroeventosuq.utils.ArchivoUtil guardarRegistroLog
INFO: SITUACION COLA,el usuario usuario123esta comprando,2024-05-28 17:20
may. 28, 2024 5:20:36 P. M. co.edu.uniquindio.edu.co.centroeventosuq.utils.ArchivoUtil guardarRegistroLog
INFO: REGISTRO,el usuario usuario123ha ingresado en la aplicacion,2024-05-28 17:20
may. 28, 2024 5:20:39 P. M. co.edu.uniquindio.edu.co.centroeventosuq.utils.ArchivoUtil guardarRegistroLog
INFO: SITUACION COLA,el usuario usuario123esta comprando,2024-05-28 17:20
may. 28, 2024 5:21:24 P. M. co.edu.uniquindio.edu.co.centroeventosuq.utils.ArchivoUtil guardarRegistroLog
INFO: REGISTRO,el usuario usuario123ha ingresado en la aplicacion,2024-05-28 17:21
may. 28, 2024 5:21:27 P. M. co.edu.uniquindio.edu.co.centroeventosuq.utils.ArchivoUtil guardarRegistroLog
INFO: SITUACION COLA,el usuario usuario123esta comprando,2024-05-28 17:21
may. 28, 2024 5:21:53 P. M. co.edu.uniquindio.edu.co.centroeventosuq.utils.ArchivoUtil guardarRegistroLog
INFO: REGISTRO,el usuario usuario123ha ingresado en la aplicacion,2024-05-28 17:21
may. 28, 2024 5:21:55 P. M. co.edu.uniquindio.edu.co.centroeventosuq.utils.ArchivoUtil guardarRegistroLog
INFO: SITUACION COLA,el usuario usuario123esta comprando,2024-05-28 17:21
may. 28, 2024 5:23:38 P. M. co.edu.uniquindio.edu.co.centroeventosuq.utils.ArchivoUtil guardarRegistroLog
INFO: REGISTRO,el usuario usuario123ha ingresado en la aplicacion,2024-05-28 17:23
may. 28, 2024 5:23:41 P. M. co.edu.uniquindio.edu.co.centroeventosuq.utils.ArchivoUtil guardarRegistroLog
INFO: SITUACION COLA,el usuario usuario123esta comprando,2024-05-28 17:23
may. 28, 2024 5:25:37 P. M. co.edu.uniquindio.edu.co.centroeventosuq.utils.ArchivoUtil guardarRegistroLog
INFO: REGISTRO,el usuario usuario123ha ingresado en la aplicacion,2024-05-28 17:25
may. 28, 2024 5:25:40 P. M. co.edu.uniquindio.edu.co.centroeventosuq.utils.ArchivoUtil guardarRegistroLog
INFO: SITUACION COLA,el usuario usuario123esta comprando,2024-05-28 17:25
may. 28, 2024 5:26:44 P. M. co.edu.uniquindio.edu.co.centroeventosuq.utils.ArchivoUtil guardarRegistroLog
INFO: REGISTRO,el usuario usuario123ha ingresado en la aplicacion,2024-05-28 17:26
may. 28, 2024 5:26:54 P. M. co.edu.uniquindio.edu.co.centroeventosuq.utils.ArchivoUtil guardarRegistroLog
INFO: REGISTRO,el usuario usuario123ha ingresado en la aplicacion,2024-05-28 17:26
may. 28, 2024 5:27:01 P. M. co.edu.uniquindio.edu.co.centroeventosuq.utils.ArchivoUtil guardarRegistroLog
INFO: SITUACION COLA,el usuario usuario123esta comprando,2024-05-28 17:27
may. 28, 2024 5:27:04 P. M. co.edu.uniquindio.edu.co.centroeventosuq.utils.ArchivoUtil guardarRegistroLog
INFO: SITUACION COLA,el usuario usuario123esta comprando,2024-05-28 17:27
may. 28, 2024 5:28:55 P. M. co.edu.uniquindio.edu.co.centroeventosuq.utils.ArchivoUtil guardarRegistroLog
INFO: REGISTRO,el usuario usuario123ha ingresado en la aplicacion,2024-05-28 17:28
may. 28, 2024 5:31:41 P. M. co.edu.uniquindio.edu.co.centroeventosuq.utils.ArchivoUtil guardarRegistroLog
INFO: REGISTRO,el usuario usuario123ha ingresado en la aplicacion,2024-05-28 17:31
may. 28, 2024 5:31:42 P. M. co.edu.uniquindio.edu.co.centroeventosuq.utils.ArchivoUtil guardarRegistroLog
INFO: SITUACION COLA,el usuario usuario123esta comprando,2024-05-28 17:31
may. 28, 2024 5:34:53 P. M. co.edu.uniquindio.edu.co.centroeventosuq.utils.ArchivoUtil guardarRegistroLog
INFO: REGISTRO,el usuario usuario123ha ingresado en la aplicacion,2024-05-28 17:34
may. 28, 2024 5:34:56 P. M. co.edu.uniquindio.edu.co.centroeventosuq.utils.ArchivoUtil guardarRegistroLog
INFO: CERRAR SECCION,el usuario usuario123se ha desconectado,2024-05-28 17:34
may. 28, 2024 5:35:01 P. M. co.edu.uniquindio.edu.co.centroeventosuq.utils.ArchivoUtil guardarRegistroLog
INFO: REGISTRO,el usuario usuario123ha ingresado en la aplicacion,2024-05-28 17:35
may. 28, 2024 5:35:03 P. M. co.edu.uniquindio.edu.co.centroeventosuq.utils.ArchivoUtil guardarRegistroLog
INFO: SITUACION COLA,el usuario usuario123esta comprando,2024-05-28 17:35
may. 28, 2024 5:35:08 P. M. co.edu.uniquindio.edu.co.centroeventosuq.utils.ArchivoUtil guardarRegistroLog
INFO: SITUACION COLA,el usuario usuario123esta comprando,2024-05-28 17:35
may. 28, 2024 5:35:23 P. M. co.edu.uniquindio.edu.co.centroeventosuq.utils.ArchivoUtil guardarRegistroLog
INFO: REGISTRO,el usuario usuario123ha ingresado en la aplicacion,2024-05-28 17:35
may. 28, 2024 5:36:21 P. M. co.edu.uniquindio.edu.co.centroeventosuq.utils.ArchivoUtil guardarRegistroLog
INFO: REGISTRO,el usuario usuario123ha ingresado en la aplicacion,2024-05-28 17:36
may. 28, 2024 5:36:23 P. M. co.edu.uniquindio.edu.co.centroeventosuq.utils.ArchivoUtil guardarRegistroLog
INFO: SITUACION COLA,el usuario usuario123esta comprando,2024-05-28 17:36
may. 28, 2024 5:37:13 P. M. co.edu.uniquindio.edu.co.centroeventosuq.utils.ArchivoUtil guardarRegistroLog
INFO: REGISTRO,el usuario usuario123ha ingresado en la aplicacion,2024-05-28 17:37
may. 28, 2024 5:37:14 P. M. co.edu.uniquindio.edu.co.centroeventosuq.utils.ArchivoUtil guardarRegistroLog
INFO: SITUACION COLA,el usuario usuario123esta comprando,2024-05-28 17:37
may. 28, 2024 5:44:54 P. M. co.edu.uniquindio.edu.co.centroeventosuq.utils.ArchivoUtil guardarRegistroLog
INFO: REGISTRO,el usuario usuario123ha ingresado en la aplicacion,2024-05-28 17:44
may. 28, 2024 5:44:56 P. M. co.edu.uniquindio.edu.co.centroeventosuq.utils.ArchivoUtil guardarRegistroLog
INFO: SITUACION COLA,el usuario usuario123esta comprando,2024-05-28 17:44
may. 28, 2024 5:45:42 P. M. co.edu.uniquindio.edu.co.centroeventosuq.utils.ArchivoUtil guardarRegistroLog
INFO: REGISTRO,el usuario usuario123ha ingresado en la aplicacion,2024-05-28 17:45
may. 28, 2024 5:45:46 P. M. co.edu.uniquindio.edu.co.centroeventosuq.utils.ArchivoUtil guardarRegistroLog
INFO: SITUACION COLA,el usuario usuario123esta comprando,2024-05-28 17:45
may. 28, 2024 5:46:07 P. M. co.edu.uniquindio.edu.co.centroeventosuq.utils.ArchivoUtil guardarRegistroLog
INFO: SITUACION COLA,el usuario usuario123esta comprando,2024-05-28 17:46
may. 28, 2024 5:46:27 P. M. co.edu.uniquindio.edu.co.centroeventosuq.utils.ArchivoUtil guardarRegistroLog
INFO: REGISTRO,el usuario usuario123ha ingresado en la aplicacion,2024-05-28 17:46
may. 28, 2024 5:46:30 P. M. co.edu.uniquindio.edu.co.centroeventosuq.utils.ArchivoUtil guardarRegistroLog
INFO: SITUACION COLA,el usuario usuario123esta comprando,2024-05-28 17:46
may. 28, 2024 5:48:02 P. M. co.edu.uniquindio.edu.co.centroeventosuq.utils.ArchivoUtil guardarRegistroLog
INFO: REGISTRO,el usuario usuario123ha ingresado en la aplicacion,2024-05-28 17:48
may. 28, 2024 5:48:12 P. M. co.edu.uniquindio.edu.co.centroeventosuq.utils.ArchivoUtil guardarRegistroLog
INFO: SITUACION COLA,el usuario usuario123esta comprando,2024-05-28 17:48
may. 28, 2024 5:52:09 P. M. co.edu.uniquindio.edu.co.centroeventosuq.utils.ArchivoUtil guardarRegistroLog
INFO: REGISTRO,el usuario usuario123ha ingresado en la aplicacion,2024-05-28 17:52
